SalesforceMobileSDK-Android/libs/SmartStore/build/intermediates/manifest_merge_blame_file/debug/manifest-merger-blame-debug-report.txt
1<?xml version="1.0" encoding="utf-8"?>
2<manifest xmlns:android="http://schemas.android.com/apk/res/android"
3    package="com.salesforce.androidsdk.smartstore"
4    android:versionCode="69"
5    android:versionName="8.2.0" >
6
7    <uses-sdk
8        android:minSdkVersion="23"
8-->libs/SmartStore/AndroidManifest.xml
9        android:targetSdkVersion="29" />
9-->libs/SmartStore/AndroidManifest.xml
10
11    <application>
11-->libs/SmartStore/AndroidManifest.xml:8:2-14:16
12
13        <!-- SmartStore Inspector screen -->
14        <activity
14-->libs/SmartStore/AndroidManifest.xml:11:9-13:30
15            android:name="com.salesforce.androidsdk.smartstore.ui.SmartStoreInspectorActivity"
15-->libs/SmartStore/AndroidManifest.xml:11:19-101
16            android:exported="false"
16-->libs/SmartStore/AndroidManifest.xml:13:4-28
17            android:theme="@style/SalesforceSDK" />
17-->libs/SmartStore/AndroidManifest.xml:12:4-40
18    </application>
19
20</manifest>